<?xml version="1.0" encoding="UTF-8"?>
<!-- Generated by org.testng.reporters.JUnitXMLReporter -->
<testsuite ignored="0" hostname="LAPTOP-EOB9U4EP" failures="0" tests="6" name="CRM functional tests" time="137.373" errors="0" timestamp="2025-03-08T13:51:23 IST">
  <testcase classname="com.qa.crm.testcases.LoginTest" name="login" time="0.866"/>
  <testcase classname="com.qa.crm.testcases.LoginTest" name="titleDisplay" time="0.078"/>
  <testcase classname="com.qa.crm.testcases.HomePageTest" name="verifyPageTitle" time="0.01"/>
  <testcase classname="com.qa.crm.testcases.HomePageTest" name="contctClick" time="2.169"/>
  <testcase classname="com.qa.crm.testcases.ContactsPageTest" name="pageLogoDisplay" time="0.999"/>
  <testcase classname="com.qa.crm.testcases.ContactsPageTest" name="contactSelectByName" time="1.259"/>
</testsuite> <!-- CRM functional tests -->
