<?xml version="1.0" encoding="UTF-8"?>
<!-- Generated by org.testng.reporters.JUnitXMLReporter -->
<testsuite ignored="0" hostname="LAPTOP-EOB9U4EP" failures="0" tests="6" name="CRM functional tests" time="127.451" errors="0" timestamp="2025-03-07T23:22:53 IST">
  <testcase classname="com.qa.crm.testcases.LoginTest" name="login" time="15.251"/>
  <testcase classname="com.qa.crm.testcases.LoginTest" name="titleDisplay" time="0.073"/>
  <testcase classname="com.qa.crm.testcases.HomePageTest" name="verifyPageTitle" time="10.569"/>
  <testcase classname="com.qa.crm.testcases.HomePageTest" name="contctClick" time="0.843"/>
  <testcase classname="com.qa.crm.testcases.ContactsPageTest" name="pageLogoDisplay" time="0.893"/>
  <testcase classname="com.qa.crm.testcases.ContactsPageTest" name="contactSelectByName" time="0.988"/>
</testsuite> <!-- CRM functional tests -->
