<?xml version="1.0" encoding="UTF-8"?>
<testng-results ignored="0" total="6" passed="6" failed="0" skipped="0">
  <reporter-output>
  </reporter-output>
  <suite started-at="2025-03-08T13:49:03 IST" name="CRM Automation Test suite" finished-at="2025-03-08T13:51:20 IST" duration-ms="137373">
    <groups>
    </groups>
    <test started-at="2025-03-08T13:49:03 IST" name="CRM functional tests" finished-at="2025-03-08T13:51:20 IST" duration-ms="137373">
      <class name="com.qa.crm.testcases.ContactsPageTest">
        <test-method is-config="true" signature="setUp()[pri:0, instance:com.qa.crm.testcases.ContactsPageTest@72d1ad2e]" started-at="2025-03-08T13:50:18 IST" name="setUp" finished-at="2025-03-08T13:50:48 IST" duration-ms="29666" status="PASS">
          <reporter-output>
          </reporter-output>
        </test-method> <!-- setUp -->
        <test-method signature="pageLogoDisplay()[pri:1, instance:com.qa.crm.testcases.ContactsPageTest@72d1ad2e]" started-at="2025-03-08T13:50:48 IST" name="pageLogoDisplay" finished-at="2025-03-08T13:50:49 IST" duration-ms="999" status="PASS">
          <reporter-output>
          </reporter-output>
        </test-method> <!-- pageLogoDisplay -->
        <test-method is-config="true" signature="tearDown()[pri:0, instance:com.qa.crm.testcases.ContactsPageTest@72d1ad2e]" started-at="2025-03-08T13:50:49 IST" name="tearDown" finished-at="2025-03-08T13:50:49 IST" duration-ms="416" status="PASS">
          <reporter-output>
          </reporter-output>
        </test-method> <!-- tearDown -->
        <test-method is-config="true" signature="setUp()[pri:0, instance:com.qa.crm.testcases.ContactsPageTest@72d1ad2e]" started-at="2025-03-08T13:50:49 IST" name="setUp" finished-at="2025-03-08T13:51:18 IST" duration-ms="29239" status="PASS">
          <reporter-output>
          </reporter-output>
        </test-method> <!-- setUp -->
        <test-method signature="contactSelectByName()[pri:2, instance:com.qa.crm.testcases.ContactsPageTest@72d1ad2e]" started-at="2025-03-08T13:51:18 IST" name="contactSelectByName" finished-at="2025-03-08T13:51:20 IST" duration-ms="1259" status="PASS">
          <reporter-output>
          </reporter-output>
        </test-method> <!-- contactSelectByName -->
        <test-method is-config="true" signature="tearDown()[pri:0, instance:com.qa.crm.testcases.ContactsPageTest@72d1ad2e]" started-at="2025-03-08T13:51:20 IST" name="tearDown" finished-at="2025-03-08T13:51:20 IST" duration-ms="369" status="PASS">
          <reporter-output>
          </reporter-output>
        </test-method> <!-- tearDown -->
      </class> <!-- com.qa.crm.testcases.ContactsPageTest -->
      <class name="com.qa.crm.testcases.LoginTest">
        <test-method is-config="true" signature="setup()[pri:0, instance:com.qa.crm.testcases.LoginTest@5fdcaa40]" started-at="2025-03-08T13:49:03 IST" name="setup" finished-at="2025-03-08T13:49:17 IST" duration-ms="14422" status="PASS">
          <reporter-output>
          </reporter-output>
        </test-method> <!-- setup -->
        <test-method signature="login()[pri:1, instance:com.qa.crm.testcases.LoginTest@5fdcaa40]" started-at="2025-03-08T13:49:17 IST" name="login" finished-at="2025-03-08T13:49:18 IST" duration-ms="866" status="PASS">
          <reporter-output>
          </reporter-output>
        </test-method> <!-- login -->
        <test-method is-config="true" signature="tearDown()[pri:0, instance:com.qa.crm.testcases.LoginTest@5fdcaa40]" started-at="2025-03-08T13:49:18 IST" name="tearDown" finished-at="2025-03-08T13:49:19 IST" duration-ms="298" status="PASS">
          <reporter-output>
          </reporter-output>
        </test-method> <!-- tearDown -->
        <test-method is-config="true" signature="setup()[pri:0, instance:com.qa.crm.testcases.LoginTest@5fdcaa40]" started-at="2025-03-08T13:49:19 IST" name="setup" finished-at="2025-03-08T13:49:29 IST" duration-ms="10316" status="PASS">
          <reporter-output>
          </reporter-output>
        </test-method> <!-- setup -->
        <test-method signature="titleDisplay()[pri:2, instance:com.qa.crm.testcases.LoginTest@5fdcaa40]" started-at="2025-03-08T13:49:29 IST" name="titleDisplay" finished-at="2025-03-08T13:49:29 IST" duration-ms="78" status="PASS">
          <reporter-output>
          </reporter-output>
        </test-method> <!-- titleDisplay -->
        <test-method is-config="true" signature="tearDown()[pri:0, instance:com.qa.crm.testcases.LoginTest@5fdcaa40]" started-at="2025-03-08T13:49:29 IST" name="tearDown" finished-at="2025-03-08T13:49:29 IST" duration-ms="173" status="PASS">
          <reporter-output>
          </reporter-output>
        </test-method> <!-- tearDown -->
      </class> <!-- com.qa.crm.testcases.LoginTest -->
      <class name="com.qa.crm.testcases.HomePageTest">
        <test-method is-config="true" signature="setUp()[pri:0, instance:com.qa.crm.testcases.HomePageTest@595b007d]" started-at="2025-03-08T13:49:29 IST" name="setUp" finished-at="2025-03-08T13:49:50 IST" duration-ms="20682" status="PASS">
          <reporter-output>
          </reporter-output>
        </test-method> <!-- setUp -->
        <test-method signature="verifyPageTitle()[pri:1, instance:com.qa.crm.testcases.HomePageTest@595b007d]" started-at="2025-03-08T13:49:50 IST" name="verifyPageTitle" finished-at="2025-03-08T13:49:50 IST" duration-ms="10" status="PASS">
          <reporter-output>
          </reporter-output>
        </test-method> <!-- verifyPageTitle -->
        <test-method is-config="true" signature="tearDown()[pri:0, instance:com.qa.crm.testcases.HomePageTest@595b007d]" started-at="2025-03-08T13:49:50 IST" name="tearDown" finished-at="2025-03-08T13:49:50 IST" duration-ms="156" status="PASS">
          <reporter-output>
          </reporter-output>
        </test-method> <!-- tearDown -->
        <test-method is-config="true" signature="setUp()[pri:0, instance:com.qa.crm.testcases.HomePageTest@595b007d]" started-at="2025-03-08T13:49:50 IST" name="setUp" finished-at="2025-03-08T13:50:16 IST" duration-ms="25583" status="PASS">
          <reporter-output>
          </reporter-output>
        </test-method> <!-- setUp -->
        <test-method signature="contctClick()[pri:2, instance:com.qa.crm.testcases.HomePageTest@595b007d]" started-at="2025-03-08T13:50:16 IST" name="contctClick" finished-at="2025-03-08T13:50:18 IST" duration-ms="2169" status="PASS">
          <reporter-output>
          </reporter-output>
        </test-method> <!-- contctClick -->
        <test-method is-config="true" signature="tearDown()[pri:0, instance:com.qa.crm.testcases.HomePageTest@595b007d]" started-at="2025-03-08T13:50:18 IST" name="tearDown" finished-at="2025-03-08T13:50:18 IST" duration-ms="380" status="PASS">
          <reporter-output>
          </reporter-output>
        </test-method> <!-- tearDown -->
      </class> <!-- com.qa.crm.testcases.HomePageTest -->
    </test> <!-- CRM functional tests -->
  </suite> <!-- CRM Automation Test suite -->
</testng-results>
